<?xml version="1.0" encoding="UTF-8"?>
<!-- Generated by org.testng.reporters.JUnitReportReporter -->
<testsuite hostname="DESKTOP-2K2CNKK" failures="0" tests="3" name="testcases.LoginTest" time="17.836" errors="0" timestamp="2024-08-02T06:30:17 IST" skipped="0">
  <testcase classname="testcases.LoginTest" name="TC01_LoginSuccessTest" time="9.751"/>
  <system-out/>
  <testcase classname="testcases.LoginTest" name="TC03_LockedUserTest" time="3.636"/>
  <system-out/>
  <testcase classname="testcases.LoginTest" name="TC02_LoginFailureTest" time="4.449"/>
  <system-out/>
</testsuite> <!-- testcases.LoginTest -->
