<?xml version="1.0" encoding="UTF-8"?>
<!-- Generated by org.testng.reporters.JUnitReportReporter -->
<testsuite hostname="DESKTOP-2K2CNKK" failures="0" tests="1" name="testcases.HomePageTest" time="26.752" errors="0" timestamp="2024-08-02T06:30:17 IST" skipped="0">
  <testcase classname="testcases.HomePageTest" name="TC01_AddToCartTest" time="26.752"/>
  <system-out/>
</testsuite> <!-- testcases.HomePageTest -->
