<?xml version="1.0" encoding="UTF-8"?>
<!-- Generated by org.testng.reporters.JUnitReportReporter -->
<testsuite hostname="DESKTOP-2K2CNKK" failures="0" tests="1" name="testNG.TestNGtcExample" time="0.020" errors="0" timestamp="2024-07-20T10:07:46 IST" skipped="0">
  <testcase classname="testNG.TestNGtcExample" name="TestCase_01" time="0.020"/>
  <system-out/>
</testsuite> <!-- testNG.TestNGtcExample -->
