<?xml version="1.0" encoding="UTF-8"?>
<!-- Generated by org.testng.reporters.JUnitReportReporter -->
<testsuite hostname="DESKTOP-2K2CNKK" failures="0" tests="2" name="testNG.MultipleTestNGtcExample" time="0.009" errors="0" timestamp="2024-07-20T08:56:06 IST" skipped="0">
  <testcase classname="testNG.MultipleTestNGtcExample" name="TestCase_02" time="0.005"/>
  <system-out/>
  <testcase classname="testNG.MultipleTestNGtcExample" name="TestCase_04" time="0.004"/>
  <system-out/>
</testsuite> <!-- testNG.MultipleTestNGtcExample -->
