<?xml version="1.0" encoding="UTF-8"?>
<!-- Generated by org.testng.reporters.JUnitReportReporter -->
<testsuite hostname="DESKTOP-2K2CNKK" failures="0" tests="5" name="testcases.Tests" time="86.731" errors="0" timestamp="2024-12-31T18:51:22 IST" skipped="0">
  <testcase classname="testcases.Tests" name="tc04_add1itemchkout" time="18.507"/>
  <system-out/>
  <testcase classname="testcases.Tests" name="tc02_loginsucess" time="13.076"/>
  <system-out/>
  <testcase classname="testcases.Tests" name="tc03_loginfailure" time="8.633"/>
  <system-out/>
  <testcase classname="testcases.Tests" name="tc05_add2itemchkout" time="24.357"/>
  <system-out/>
  <testcase classname="testcases.Tests" name="tc01_Signup" time="22.158"/>
  <system-out/>
</testsuite> <!-- testcases.Tests -->
