<?xml version="1.0" encoding="UTF-8"?>
<!-- Generated by org.testng.reporters.JUnitReportReporter -->
<testsuite hostname="DESKTOP-2K2CNKK" failures="0" tests="2" name="testcases.LoginTest" time="155.601" errors="0" timestamp="2024-07-21T09:18:00 IST" skipped="0">
  <testcase classname="testcases.LoginTest" name="TC01_LoginFailureTest" time="85.225"/>
  <system-out/>
  <testcase classname="testcases.LoginTest" name="TC02_LoginSuccessTest" time="70.376"/>
  <system-out/>
</testsuite> <!-- testcases.LoginTest -->
